C51 COMPILER V9.01   LCD                                                                   12/28/2019 20:38:12 PAGE 1   


C51 COMPILER V9.01, COMPILATION OF MODULE LCD
OBJECT MODULE PLACED IN lcd.OBJ
COMPILER INVOKED BY: D:\keilC\C51\BIN\C51.EXE lcd.c BROWSE DEBUG OBJECTEXTEND

line level    source

   1           #include "lcd.h"
   2          
   3          //****************************************************
   4          //****************************************************
   5          void LCD1602_delay_ms(unsigned int n)
   6          {
   7   1              unsigned int  i,j;
   8   1              for(i=0;i<n;i++)
   9   1                      for(j=0;j<123;j++);
  10   1      }
  11          
  12          //****************************************************
  13          //****************************************************
  14          void LCD1602_write_com(unsigned char com)
  15          {
  16   1              LCD1602_RS = 0;
  17   1              LCD1602_delay_ms(1);
  18   1              LCD1602_EN = 1;
  19   1              LCD1602_PORT = com;
  20   1              LCD1602_delay_ms(1);
  21   1              LCD1602_EN = 0;
  22   1      }
  23          
  24          //****************************************************
  25          //****************************************************
  26          void LCD1602_write_data(unsigned char dat)
  27          {
  28   1              LCD1602_RS = 1;
  29   1              LCD1602_delay_ms(1);    
  30   1              LCD1602_PORT = dat;
  31   1              LCD1602_EN = 1;
  32   1              LCD1602_delay_ms(1);
  33   1              LCD1602_EN = 0;
  34   1      }
  35          
  36          //****************************************************
  37          //****************************************************
  38          void LCD1602_write_word(unsigned char *s)
  39          {
  40   1              while(*s>0)
  41   1              {
  42   2                      LCD1602_write_data(*s);
  43   2                      s++;
  44   2              }
  45   1      }
  46          
  47          void Init_LCD1602()
  48          {
  49   1              LCD1602_EN = 0;
  50   1              LCD1602_RW = 0;                                         
  51   1              LCD1602_write_com(0x38);                        
  52   1              LCD1602_write_com(0x0c);                        
  53   1              LCD1602_write_com(0x06);                        
  54   1              LCD1602_write_com(0x01);                        
  55   1      }
C51 COMPILER V9.01   LCD                                                                   12/28/2019 20:38:12 PAGE 2   

  56          
  57          


MODULE INFORMATION:   STATIC OVERLAYABLE
   CODE SIZE        =    136    ----
   CONSTANT SIZE    =   ----    ----
   XDATA SIZE       =   ----    ----
   PDATA SIZE       =   ----    ----
   DATA SIZE        =   ----       3
   IDATA SIZE       =   ----    ----
   BIT SIZE         =   ----    ----
END OF MODULE INFORMATION.


C51 COMPILATION COMPLETE.  0 WARNING(S),  0 ERROR(S)
